2017/02/20 11:56:16 POST /cafeservice 0.004000
2017/02/20 11:57:15 POST /queryCustomer 1.010101
2017/02/20 12:04:23 POST /queryCustomer 1.011101
2017/02/20 12:11:08 POST /queryCustomer 0.011001
2017/02/20 13:14:14 POST /queryCustomer 0.008001
2017/02/20 14:27:45 POST /queryCustomer 0.029003
2017/02/20 14:27:55 POST /queryCustomer 0.010001
2017/02/20 14:28:21 POST /queryCustomer 0.043004
2017/02/22 14:36:27 POST /queryCustomer 0.024000
2017/02/22 14:40:47 POST /queryCustomer 0.028000
2017/02/23 14:25:40 POST /queryCustomer 0.026000
2017/02/23 14:28:35 POST /queryCustomer 0.030000
2017/02/23 15:27:24 POST /queryCustomer 0.051000
2017/02/23 15:30:24 POST /queryCustomer 0.156000
2017/02/23 15:36:08 POST /queryCustomer 0.029000
2017/02/23 15:41:35 POST /queryCustomer 0.023000
2017/02/23 15:41:46 POST /queryCustomer 0.013000
2017/02/23 15:42:04 POST /queryCustomer 0.012000
2017/02/24 09:12:53 POST /queryCustomer 0.027003
2017/02/24 09:13:01 POST /queryCustomer 0.008001
2017/02/24 11:44:57 POST /queryCustomer 0.023002
2017/02/24 13:34:44 POST /queryCustomer 0.022002
2017/02/24 13:36:08 POST /queryCustomer 0.024002
2017/02/24 13:38:53 POST /queryCustomer 0.027003
2017/02/24 13:43:44 POST /queryCustomer 0.016002
2017/02/24 13:46:22 POST /queryCustomer 0.079008
2017/02/24 13:47:03 POST /queryCustomer 0.025003
2017/02/24 13:48:26 POST /queryCustomer 0.043004
2017/02/24 13:49:36 POST /queryCustomer 0.019002
2017/02/24 13:51:26 POST /queryCustomer 0.033003
2017/02/24 13:51:39 POST /queryCustomer 0.011001
2017/02/24 13:51:48 POST /queryCustomer 0.019002
2017/03/06 08:14:24 POST /PolarisService 1.006000
2017/03/06 08:14:40 POST /PolarisService 1.003000
2017/03/06 08:16:13 POST /PolarisService 1.003000
2017/03/06 08:16:56 POST /PolarisService 0.004000
2017/03/06 08:19:25 POST /PolarisService 0.010000
2017/03/06 08:21:39 POST /PolarisService 0.024000
2017/03/06 08:30:29 POST /PolarisService 0.028000
2017/03/06 08:32:51 POST /PolarisService 0.024000
2017/03/06 08:36:13 POST /PolarisService 0.025000
2017/03/06 08:39:03 POST /newnewnew 2.003000
2017/03/06 08:39:45 POST /newnewnew 2.003000
2017/03/06 08:48:12 POST /InventoryService 2.003000
2017/03/06 08:55:06 POST /InventoryService 2.003000
2017/03/06 09:05:25 POST /InventoryService 2.004000
2017/03/06 09:20:51 POST /SampleForDemo 0.003014
2017/03/06 09:21:35 POST /SampleForDemo 0.003014
2017/03/06 09:27:22 POST /SampleForDemo 0.004007
2017/03/06 13:11:18 POST /SampleForDemo 0.006001
2017/03/06 13:12:15 POST /SampleForDemo 0.005001
2017/03/06 13:13:30 POST /InventoryService 0.003000
2017/03/06 13:14:27 POST /InventoryService 2.007201
2017/03/06 13:15:28 POST /InventoryService 2.003200
2017/03/06 13:16:09 POST /InventoryService 2.003200
2017/03/06 13:18:41 POST /InventoryService 2.003200
2017/03/06 13:18:57 POST /InventoryService 2.001200
2017/03/06 13:19:22 POST /InventoryService 2.003200
2017/03/06 13:24:09 POST /InventoryService 2.004200
2017/03/06 13:25:19 POST /InventoryService 2.088209
2017/03/06 13:26:10 POST /InventoryService 2.006201
2017/03/06 13:27:33 POST /InventoryService 2.003200
2017/03/06 13:27:56 POST /InventoryService 2.001200
2017/03/06 13:28:02 POST /InventoryService 0.009001
2017/03/06 13:37:00 POST /InventoryService 0.008001
2017/03/06 13:39:09 POST /InventoryService 0.009001
2017/03/06 13:40:08 POST /InventoryService 0.008001
2017/03/06 13:40:46 POST /InventoryService 0.009001
2017/03/06 13:42:04 POST /InventoryService 0.009001
2017/03/06 13:58:43 POST /InventoryService 0.007001
2017/03/06 14:00:21 POST /InventoryService 0.007001
2017/03/06 14:09:32 POST /InventoryService 0.011001
2017/03/06 14:10:43 POST /InventoryService 0.009001
2017/03/06 14:15:46 POST /InventoryService 0.008001
2017/03/06 14:35:12 POST /InventoryService 0.013001
2017/03/06 14:39:37 POST /InventoryService 0.007001
2017/03/06 14:41:05 POST /sample 0.023002
2017/03/06 14:41:11 POST /sample 0.015002
2017/03/06 14:44:53 POST /sample 0.019002
2017/03/06 14:54:24 POST /sample 0.019002
2017/03/06 14:55:55 POST /sample 0.023002
2017/03/07 08:42:55 POST /sample 0.075008
2017/03/07 08:43:50 POST /sample 0.017002
2017/03/07 08:45:52 POST /InventoryService 0.004000
2017/03/07 08:46:24 POST /sample 0.003000
2017/03/07 08:46:49 POST /sample 0.021002
2017/03/07 08:47:24 POST /sample 0.026003
2017/03/07 08:47:26 POST /sample 0.053005
2017/03/07 08:47:28 POST /sample 0.024002
2017/03/07 08:47:32 POST /sample 0.021002
2017/03/07 09:06:03 POST /sample 0.032003
2017/03/07 09:06:38 POST /sample 0.040004
2017/03/07 13:02:12 POST /sample 0.026000
2017/03/07 13:33:09 POST /sample 0.674067
2017/03/08 11:30:15 POST /newUIEndpoint 2.004000
2017/03/08 11:30:34 POST /newUIEndpoint 2.001000
2017/03/08 11:33:42 POST /newUIEndpoint 2.003000
2017/03/08 11:34:34 POST /newUIEndpoint 2.003000
2017/03/08 11:37:00 POST /newUIEndpoint 2.006000
2017/03/08 11:37:07 POST /newUIEndpoint 0.001000
2017/03/08 11:37:15 POST /newUIEndpoint 2.002000
2017/03/08 11:40:22 POST /newUIEndpoint 2.005000
2017/03/08 11:41:17 POST /newUIEndpoint 2.006000
2017/03/08 11:42:26 POST /newUIEndpoint 2.011000
2017/03/08 11:49:35 POST /newUIEndpoint 0.008000
2017/03/08 11:49:51 POST /newUIEndpoint 2.005000
2017/03/08 11:50:56 POST /newUIEndpoint 0.005000
2017/03/08 12:00:54 POST /newUIEndpoint 2.008000
2017/03/09 06:14:30 POST /newUIEndpoint2 1.004100
2017/03/09 06:16:57 POST /newUIEndpoint2 1.004100
2017/03/09 14:48:21 POST /newUIEndpoint 0.061000
2017/03/09 14:54:49 POST /newUIEndpoint 0.007000
2017/03/10 06:32:30 POST /VA_CSP_Imports_IPControl 0.028003
2017/03/10 08:23:50 POST /VA_CSP_Imports_IPControl 0.010001
2017/03/10 08:23:52 POST /VA_CSP_Imports_IPControl 0.010001
2017/03/10 10:12:00 POST /VA_CSP_Imports_IPControl 0.014001
2017/03/10 10:12:17 POST /VA_CSP_Imports_IPControl 0.008001
2017/03/10 12:28:35 POST /VA_CSP_Imports_IPControl 0.049005
2017/03/10 12:28:38 POST /VA_CSP_Imports_IPControl 0.008001
2017/03/10 12:31:17 POST /VA_CSP_Imports_IPControl 0.012001
2017/03/13 05:00:27 POST /VA_CSP_TN_Management 0.022002
2017/03/13 05:15:02 POST /newUIEndpoint 0.004000
2017/03/13 05:16:36 POST /newUIEndpoint 2.004200
2017/03/13 05:27:35 POST /Get_IP_Control 1.005100
2017/03/14 13:09:27 POST /CWB_Deletes_IPControl 1.004100
2017/03/14 13:18:56 POST /ComPSAddBveid 0.010001
2017/03/14 13:22:57 POST /ComPSAddBveid 0.005001
2017/03/14 13:27:36 POST /ComPSAddBveid 0.005001
2017/03/14 13:28:26 POST /ComPSAddBveid 0.007001
2017/03/14 13:29:30 POST /ComPSAddBveid 0.008001
2017/03/14 13:31:42 POST /ComPSAddBveid 0.007001
2017/03/15 14:02:45 POST /ComPSAddBveid 0.019002
2017/03/15 14:21:20 POST /ComPSAddBveid 0.019002
2017/03/15 14:39:02 POST /ComPSAddBveid 0.008001
2017/03/15 14:40:47 POST /ComPSAddBveid 0.012001
2017/03/15 15:03:29 POST /ComPSAddBveid 0.025003
2017/03/15 15:04:17 POST /ComPSAddBveid 0.011001
2017/03/15 15:05:43 POST /ComPSAddBveid 0.014001
2017/03/15 15:07:05 POST /ComPSAddBveid 0.015002
2017/03/15 15:07:49 POST /ComPSAddBveid 0.014001
2017/03/15 15:58:44 POST /ComPSAddBveid 0.019002
2017/03/15 16:00:22 POST /ComPSAddBveid 0.021002
2017/03/15 16:02:41 POST /ComPSAddBveid 0.014001
2017/03/15 16:04:34 POST /ComPSAddBveid 0.053005
2017/03/15 16:04:54 POST /ComPSAddBveid 0.008001
2017/03/15 16:05:10 POST /ComPSAddBveid 0.014001
2017/03/15 16:08:49 POST /ComPSAddBveid 0.012001
2017/03/16 13:55:23 POST /ComPSAddBveid 0.024002
2017/03/16 13:56:57 POST /ComPSAddBveid 0.011001
2017/03/16 13:57:25 POST /ComPSAddBveid 0.010001
2017/03/16 13:57:27 POST /ComPSAddBveid 0.009001
2017/03/16 13:57:31 POST /ComPSAddBveid 0.011001
2017/03/16 16:20:23 POST /ComPSAddBveid 0.046995
2017/03/16 16:22:09 POST /ComPSAddBveid 0.017998
2017/03/21 09:58:13 POST /ComPSAddBveid 0.081008
2017/03/21 09:59:47 POST /ComPSAddBveid 0.013001
2017/03/21 10:16:22 POST /ComPSAddBveid 0.016002
2017/03/21 10:16:41 POST /CWB_Deletes_IPControl 1.004100
2017/03/21 16:37:25 POST /TNInventory 0.003000
2017/03/21 16:37:38 POST /TNInventory 0.003000
2017/03/21 16:44:04 POST /TNInventory 0.011001
2017/03/21 16:53:42 POST /TNInventory 0.011001
2017/03/21 16:56:24 POST /TNInventory 0.010001
2017/03/21 16:57:05 POST /TNInventory 0.008001
2017/03/21 17:00:18 POST /TNInventory 0.209021
2017/03/22 15:18:48 POST /ComPSAddBveid 0.088009
2017/03/22 15:19:19 POST /ComPSAddBveid 0.019002
2017/03/22 15:19:23 POST /ComPSAddBveid 0.003000
2017/03/22 15:19:28 POST /ComPSAddBveid 0.017002
2017/03/22 15:23:06 POST /ComPSAddBveid 0.010001
2017/03/22 15:26:04 POST /ComPSAddBveid 0.024002
2017/03/22 15:26:13 POST /ComPSAddBveid 0.013001
2017/03/23 13:10:27 POST /newJson 0.004000
2017/03/23 13:10:33 POST /ComPSAddBveid 0.014001
2017/03/23 13:11:58 POST /newJson?jsonop 1.009101
2017/03/23 13:13:52 POST /newJson?jsonop 1.006101
2017/03/23 16:07:06 POST /ComPSAddBveid 0.007001
2017/03/23 16:07:25 POST /ComPSAddBveid 0.006001
2017/03/29 10:49:13 POST /ComPSAddBveid 0.042000
2017/03/29 11:08:59 POST /Inventory 0.011000
2017/03/29 11:11:29 POST /Inventory 0.006000
2017/03/29 12:11:31 POST /Inventory 0.011000
2017/03/29 12:18:19 POST /Inventory 0.013000
2017/03/29 12:26:07 POST /Inventory 0.189000
2017/03/29 12:30:02 POST /Inventory 0.011000
2017/03/29 12:37:32 POST /Inventory 0.012000
2017/03/29 12:47:12 POST /Inventory 0.013000
2017/03/29 12:49:24 POST /Inventory 0.009000
2017/03/29 12:51:12 POST /Inventory 0.010000
2017/03/29 12:53:11 POST /Inventory 0.012000
2017/03/29 12:54:22 POST /Inventory 0.015000
2017/03/30 09:13:06 POST /Inventory 0.033000
2017/03/30 10:03:29 POST /Inventory 0.023000
2017/04/03 08:53:54 POST /ComPSAddBveid 0.029000
2017/04/03 08:53:59 POST /Inventory 0.009000
2017/04/12 13:35:20 POST /PolarisService 0.009001
2017/04/12 13:35:53 POST /CWB_Get_IPControl 1.030103
2017/04/12 13:36:07 POST /Inventory 0.018002
2017/04/12 14:14:27 POST /DemoEndpoint 2.004200
2017/04/12 15:25:53 POST /VA_CSP_TN_Management 1.014000
2017/04/12 15:28:50 POST /VA_CSP_TN_Management 1.012000
2017/04/12 15:31:13 POST /VA_CSP_TN_Management 1.010000
2017/04/12 15:31:17 POST /VA_CSP_TN_Management 1.017000
2017/04/12 15:38:24 POST /VA_CSP_TN_Management 1.032000
2017/04/12 15:47:04 POST /DemoForNow 0.007000
2017/04/12 15:52:18 POST /dynamicresponse 0.013000
2017/04/12 15:53:33 POST /Inventory 0.019000
2017/04/12 16:09:40 POST /ComPSAddBveid 0.017000
2017/04/12 16:09:54 POST /ComPSAddBveid 0.033000
2017/04/19 13:44:25 POST /PolarisService 0.007000
2017/04/21 12:55:24 POST /PolarisService 0.004000
2017/04/21 12:56:02 POST /PolarisService 0.005001
2017/04/21 12:58:56 POST /PolarisService 0.009001
2017/04/21 13:03:11 POST /PolarisService 0.020002
2017/04/21 13:05:49 POST /PolarisService 0.016002
2017/04/21 13:08:38 POST /PolarisService 0.016002
2017/04/27 11:34:32 POST /PolarisService 0.041004
2017/04/27 11:34:38 POST /PolarisService 0.015002
2017/05/03 12:27:02 POST /PolarisService 0.029003
2017/05/03 12:29:05 POST /PolarisService 0.034003
2017/05/03 12:30:29 POST /PolarisService 0.027003
2017/05/03 12:30:32 POST /PolarisService 0.018002
2017/05/03 12:30:33 POST /PolarisService 0.017002
2017/05/03 12:30:35 POST /PolarisService 0.021002
2017/05/03 12:30:36 POST /PolarisService 0.027003
2017/05/03 12:30:37 POST /PolarisService 0.020002
2017/05/03 12:30:39 POST /PolarisService 0.018002
2017/05/03 12:30:40 POST /PolarisService 0.034003
2017/05/03 12:30:41 POST /PolarisService 0.020002
2017/05/03 12:30:41 POST /PolarisService 0.020002
2017/05/03 12:30:42 POST /PolarisService 0.028003
2017/05/10 15:56:40 POST /InventoryService 0.037004
2017/05/10 15:57:15 POST /InventoryService 0.029003
2017/05/11 09:06:18 POST /JSONservice 0.018002
2017/05/11 09:06:30 POST /JSONservice 0.005001
2017/05/11 09:07:15 POST /JSONservice 0.055006
2017/05/11 09:08:53 POST /JSONservice 0.038004
2017/05/11 14:26:02 POST /JSONservice 0.178000
2017/05/15 15:29:49 POST /PolarisService 0.077008
2017/05/15 15:29:58 POST /InventoryService 0.008001
2017/05/19 16:26:12 POST /addUserRequest 0.086009
2017/05/19 16:27:49 POST /addUserRequest 0.026003
2017/05/19 16:28:39 POST /addUserRequest 0.029003
2017/05/19 16:28:40 POST /addUserRequest 0.008001
2017/05/19 16:29:39 POST /addUserRequest 0.023002
2017/05/19 16:31:15 POST /addUserRequest 0.020002
2017/05/19 16:31:17 POST /addUserRequest 0.010001
2017/05/19 16:31:17 POST /addUserRequest 0.008001
2017/05/19 16:31:19 POST /addUserRequest 0.008001
2017/05/19 16:43:00 POST /addUserRequest 0.018002
2017/05/19 16:43:01 POST /addUserRequest 0.009001
2017/05/19 16:43:01 POST /addUserRequest 0.008001
2017/05/19 16:43:02 POST /addUserRequest 0.007001
2017/05/19 16:43:02 POST /addUserRequest 0.012001
2017/05/19 16:43:02 POST /addUserRequest 0.010001
2017/05/19 16:43:02 POST /addUserRequest 0.009001
2017/05/19 16:43:02 POST /addUserRequest 0.007001
2017/05/19 16:46:45 POST /addUserRequest 0.026003
2017/05/19 16:51:18 POST /addUserRequest 0.019002
2017/05/19 16:51:28 POST /addUserRequest 0.009001
2017/05/19 16:59:20 POST /addUserRequest 0.017002
2017/05/19 16:59:23 POST /addUserRequest 0.009001
2017/05/19 16:59:26 POST /addUserRequest 0.007001
2017/05/19 17:01:36 POST /addUserRequest 0.012001
2017/05/19 17:01:44 POST /addUserRequest 0.007001
2017/05/22 13:09:31 POST /InventoryService 0.022002
2017/05/24 09:43:00 POST /PolarisService 0.003000
2017/05/24 09:45:36 POST /PolarisService 0.001000
2017/05/24 10:35:52 POST /InventoryService 0.030003
2017/05/24 10:36:45 POST /InventoryService 0.010001
2017/05/24 11:33:00 POST /InventoryService 0.218847
2017/05/24 11:33:18 POST /InventoryService 0.031978
2017/05/24 11:33:54 POST /InventoryService 0.010992
2017/05/24 15:35:35 POST /PolarisService 0.053005
2017/05/24 15:35:40 POST /InventoryService 0.271027
2017/05/24 15:55:45 POST /InventoryService 0.065007
2017/05/24 16:01:29 POST /InventoryService 0.015002
2017/05/24 16:02:01 POST /InventoryService 0.011001
2017/05/24 16:02:29 POST /InventoryService 0.010001
2017/05/24 16:03:44 POST /InventoryService 0.073007
2017/05/24 16:38:23 POST /InventoryService 0.042004
2017/05/24 16:39:17 POST /InventoryService 0.097010
2017/05/24 16:39:18 POST /InventoryService 0.008001
2017/05/26 11:53:21 POST /InventoryService 0.029003
2017/05/26 11:56:56 POST /InventoryService 0.044004
2017/05/26 12:19:00 POST /InventoryService 0.021982
2017/05/26 13:20:13 POST /InventoryService 0.031003
2017/05/26 13:22:39 POST /InventoryService 0.011001
2017/05/26 13:24:05 POST /InventoryService 0.013001
2017/05/26 13:25:12 POST /InventoryService 0.012001
2017/05/26 13:28:53 POST /InventoryService 0.012001
2017/05/26 13:29:23 POST /InventoryService 0.013001
2017/05/26 13:29:37 POST /InventoryService 0.008001
2017/05/26 13:31:47 POST /InventoryService 0.010001
2017/05/26 13:32:04 POST /InventoryService 0.010001
2017/05/26 13:32:11 POST /InventoryService 0.009001
2017/05/26 13:36:57 POST /InventoryService 0.013001
2017/05/26 13:38:19 POST /InventoryService 0.032003
2017/05/26 13:38:27 POST /InventoryService 0.010001
2017/05/26 13:38:42 POST /InventoryService 0.212021
2017/05/26 13:41:20 POST /InventoryService 0.014001
2017/05/26 13:41:33 POST /PolarisService 0.007001
2017/05/26 13:45:55 POST /CWB_Get_IPControl 1.027103
2017/05/26 13:47:24 POST /CWB_Deletes_IPControl 1.009101
2017/05/26 13:48:07 POST /CWB_Deletes_IPControl 1.006101
2017/05/26 13:49:27 POST /Exports%20IPC 1.033103
2017/05/26 13:55:00 POST /Exports%20IPC 1.009101
2017/05/26 14:14:02 POST /QueryCustomer 0.019002
2017/05/26 14:15:23 POST /QueryCustomer 0.115012
2017/05/26 14:25:54 POST /QueryCustomer 0.044004
